[0m[[0m[0mdebug[0m] [0m[0m> Exec(testOnly datapaths.TopTest-- -DwiteVcd=1, Some(f887b1e0-baa6-499b-b2d6-0c8614ad6616), Some(CommandSource(console0)))[0m
[0m[[0m[0mdebug[0m] [0m[0mEvaluating tasks: Test / testOnly[0m
[0m[[0m[0mdebug[0m] [0m[0mRunning task... Cancel: Signal, check cycles: false, forcegc: true[0m
[0m[[0m[0minfo[0m] [0m[0mUpdating [0m
[0m[[0m[0minfo[0m] [0m[0mResolved  dependencies[0m
[0m[[0m[0minfo[0m] [0m[0mUpdating [0m
[0m[[0m[0minfo[0m] [0m[0mResolved  dependencies[0m
[0m[[0m[0minfo[0m] [0m[0mUpdating [0m
[0m[[0m[0minfo[0m] [0m[0mResolved  dependencies[0m
[0m[[0m[0minfo[0m] [0m[0mFetching artifacts of [0m
[0m[[0m[0minfo[0m] [0m[0mFetched artifacts of [0m
[0m[[0m[0minfo[0m] [0m[0mcompiling 45 Scala sources to /home/adeia/Scala-Chisel-Learning-Journey/target/scala-2.12/classes ...[0m
[0m[[0m[0minfo[0m] [0m[0mNon-compiled module 'compiler-bridge_2.12' for Scala 2.12.13. Compiling...[0m
[0m[[0m[0minfo[0m] [0m[0m  Compilation completed in 33.744s.[0m
[0m[[0m[31merror[0m] [0m[0m/home/adeia/Scala-Chisel-Learning-Journey/src/main/scala/datapaths/Jalr.scala:12:36: type mismatch;[0m
[0m[[0m[31merror[0m] [0m[0m found   : chisel3.UInt[0m
[0m[[0m[31merror[0m] [0m[0m required: chisel3.SInt[0m
[0m[[0m[31merror[0m] [0m[0m    reg:=(io.a+io.b) & "hfffffffe".U[0m
[0m[[0m[31merror[0m] [0m[0m                                   ^[0m
[0m[[0m[31merror[0m] [0m[0m/home/adeia/Scala-Chisel-Learning-Journey/src/main/scala/datapaths/MemMask.scala:18:13: value update is not a member of chisel3.Vec[chisel3.Bool][0m
[0m[[0m[31merror[0m] [0m[0m         io.mask(0)=1.B[0m
[0m[[0m[31merror[0m] [0m[0m            ^[0m
[0m[[0m[31merror[0m] [0m[0m/home/adeia/Scala-Chisel-Learning-Journey/src/main/scala/datapaths/MemMask.scala:19:13: value update is not a member of chisel3.Vec[chisel3.Bool][0m
[0m[[0m[31merror[0m] [0m[0m         io.mask(1)=0.B[0m
[0m[[0m[31merror[0m] [0m[0m            ^[0m
[0m[[0m[31merror[0m] [0m[0m/home/adeia/Scala-Chisel-Learning-Journey/src/main/scala/datapaths/MemMask.scala:20:13: value update is not a member of chisel3.Vec[chisel3.Bool][0m
[0m[[0m[31merror[0m] [0m[0m         io.mask(2)=0.B[0m
[0m[[0m[31merror[0m] [0m[0m            ^[0m
[0m[[0m[31merror[0m] [0m[0m/home/adeia/Scala-Chisel-Learning-Journey/src/main/scala/datapaths/MemMask.scala:21:13: value update is not a member of chisel3.Vec[chisel3.Bool][0m
[0m[[0m[31merror[0m] [0m[0m         io.mask(3)=0.B[0m
[0m[[0m[31merror[0m] [0m[0m            ^[0m
[0m[[0m[31merror[0m] [0m[0m/home/adeia/Scala-Chisel-Learning-Journey/src/main/scala/datapaths/MemMask.scala:25:13: value update is not a member of chisel3.Vec[chisel3.Bool][0m
[0m[[0m[31merror[0m] [0m[0m         io.mask(0)=0.B[0m
[0m[[0m[31merror[0m] [0m[0m            ^[0m
[0m[[0m[31merror[0m] [0m[0m/home/adeia/Scala-Chisel-Learning-Journey/src/main/scala/datapaths/MemMask.scala:26:13: value update is not a member of chisel3.Vec[chisel3.Bool][0m
[0m[[0m[31merror[0m] [0m[0m         io.mask(1)=1.B[0m
[0m[[0m[31merror[0m] [0m[0m            ^[0m
[0m[[0m[31merror[0m] [0m[0m/home/adeia/Scala-Chisel-Learning-Journey/src/main/scala/datapaths/MemMask.scala:27:13: value update is not a member of chisel3.Vec[chisel3.Bool][0m
[0m[[0m[31merror[0m] [0m[0m         io.mask(2)=0.B[0m
[0m[[0m[31merror[0m] [0m[0m            ^[0m
[0m[[0m[31merror[0m] [0m[0m/home/adeia/Scala-Chisel-Learning-Journey/src/main/scala/datapaths/MemMask.scala:28:13: value update is not a member of chisel3.Vec[chisel3.Bool][0m
[0m[[0m[31merror[0m] [0m[0m         io.mask(3)=0.B[0m
[0m[[0m[31merror[0m] [0m[0m            ^[0m
[0m[[0m[31merror[0m] [0m[0m/home/adeia/Scala-Chisel-Learning-Journey/src/main/scala/datapaths/MemMask.scala:32:13: value update is not a member of chisel3.Vec[chisel3.Bool][0m
[0m[[0m[31merror[0m] [0m[0m         io.mask(0)=0.B[0m
[0m[[0m[31merror[0m] [0m[0m            ^[0m
[0m[[0m[31merror[0m] [0m[0m/home/adeia/Scala-Chisel-Learning-Journey/src/main/scala/datapaths/MemMask.scala:33:13: value update is not a member of chisel3.Vec[chisel3.Bool][0m
[0m[[0m[31merror[0m] [0m[0m         io.mask(1)=0.B[0m
[0m[[0m[31merror[0m] [0m[0m            ^[0m
[0m[[0m[31merror[0m] [0m[0m/home/adeia/Scala-Chisel-Learning-Journey/src/main/scala/datapaths/MemMask.scala:34:13: value update is not a member of chisel3.Vec[chisel3.Bool][0m
[0m[[0m[31merror[0m] [0m[0m         io.mask(2)=1.B[0m
[0m[[0m[31merror[0m] [0m[0m            ^[0m
[0m[[0m[31merror[0m] [0m[0m/home/adeia/Scala-Chisel-Learning-Journey/src/main/scala/datapaths/MemMask.scala:35:13: value update is not a member of chisel3.Vec[chisel3.Bool][0m
[0m[[0m[31merror[0m] [0m[0m         io.mask(3)=0.B[0m
[0m[[0m[31merror[0m] [0m[0m            ^[0m
[0m[[0m[31merror[0m] [0m[0m/home/adeia/Scala-Chisel-Learning-Journey/src/main/scala/datapaths/MemMask.scala:39:13: value update is not a member of chisel3.Vec[chisel3.Bool][0m
[0m[[0m[31merror[0m] [0m[0m         io.mask(0)=0.B[0m
[0m[[0m[31merror[0m] [0m[0m            ^[0m
[0m[[0m[31merror[0m] [0m[0m/home/adeia/Scala-Chisel-Learning-Journey/src/main/scala/datapaths/MemMask.scala:40:13: value update is not a member of chisel3.Vec[chisel3.Bool][0m
[0m[[0m[31merror[0m] [0m[0m         io.mask(1)=0.B[0m
[0m[[0m[31merror[0m] [0m[0m            ^[0m
[0m[[0m[31merror[0m] [0m[0m/home/adeia/Scala-Chisel-Learning-Journey/src/main/scala/datapaths/MemMask.scala:41:13: value update is not a member of chisel3.Vec[chisel3.Bool][0m
[0m[[0m[31merror[0m] [0m[0m         io.mask(2)=0.B[0m
[0m[[0m[31merror[0m] [0m[0m            ^[0m
[0m[[0m[31merror[0m] [0m[0m/home/adeia/Scala-Chisel-Learning-Journey/src/main/scala/datapaths/MemMask.scala:42:13: value update is not a member of chisel3.Vec[chisel3.Bool][0m
[0m[[0m[31merror[0m] [0m[0m         io.mask(3)=0.B[0m
[0m[[0m[31merror[0m] [0m[0m            ^[0m
[0m[[0m[31merror[0m] [0m[0m/home/adeia/Scala-Chisel-Learning-Journey/src/main/scala/datapaths/mems.scala:19:13: value update is not a member of chisel3.Vec[chisel3.Bool][0m
[0m[[0m[31merror[0m] [0m[0m         io.mask(0)=1.B[0m
[0m[[0m[31merror[0m] [0m[0m            ^[0m
[0m[[0m[31merror[0m] [0m[0m/home/adeia/Scala-Chisel-Learning-Journey/src/main/scala/datapaths/mems.scala:20:13: value update is not a member of chisel3.Vec[chisel3.Bool][0m
[0m[[0m[31merror[0m] [0m[0m         io.mask(1)=0.B[0m
[0m[[0m[31merror[0m] [0m[0m            ^[0m
[0m[[0m[31merror[0m] [0m[0m/home/adeia/Scala-Chisel-Learning-Journey/src/main/scala/datapaths/mems.scala:21:13: value update is not a member of chisel3.Vec[chisel3.Bool][0m
[0m[[0m[31merror[0m] [0m[0m         io.mask(2)=0.B[0m
[0m[[0m[31merror[0m] [0m[0m            ^[0m
[0m[[0m[31merror[0m] [0m[0m/home/adeia/Scala-Chisel-Learning-Journey/src/main/scala/datapaths/mems.scala:22:13: value update is not a member of chisel3.Vec[chisel3.Bool][0m
[0m[[0m[31merror[0m] [0m[0m         io.mask(3)=0.B[0m
[0m[[0m[31merror[0m] [0m[0m            ^[0m
[0m[[0m[31merror[0m] [0m[0m/home/adeia/Scala-Chisel-Learning-Journey/src/main/scala/datapaths/mems.scala:26:13: value update is not a member of chisel3.Vec[chisel3.Bool][0m
[0m[[0m[31merror[0m] [0m[0m         io.mask(0)=0.B[0m
[0m[[0m[31merror[0m] [0m[0m            ^[0m
[0m[[0m[31merror[0m] [0m[0m/home/adeia/Scala-Chisel-Learning-Journey/src/main/scala/datapaths/mems.scala:27:13: value update is not a member of chisel3.Vec[chisel3.Bool][0m
[0m[[0m[31merror[0m] [0m[0m         io.mask(1)=1.B[0m
[0m[[0m[31merror[0m] [0m[0m            ^[0m
[0m[[0m[31merror[0m] [0m[0m/home/adeia/Scala-Chisel-Learning-Journey/src/main/scala/datapaths/mems.scala:28:13: value update is not a member of chisel3.Vec[chisel3.Bool][0m
[0m[[0m[31merror[0m] [0m[0m         io.mask(2)=0.B[0m
[0m[[0m[31merror[0m] [0m[0m            ^[0m
[0m[[0m[31merror[0m] [0m[0m/home/adeia/Scala-Chisel-Learning-Journey/src/main/scala/datapaths/mems.scala:29:13: value update is not a member of chisel3.Vec[chisel3.Bool][0m
[0m[[0m[31merror[0m] [0m[0m         io.mask(3)=0.B[0m
[0m[[0m[31merror[0m] [0m[0m            ^[0m
[0m[[0m[31merror[0m] [0m[0m/home/adeia/Scala-Chisel-Learning-Journey/src/main/scala/datapaths/mems.scala:33:13: value update is not a member of chisel3.Vec[chisel3.Bool][0m
[0m[[0m[31merror[0m] [0m[0m         io.mask(0)=0.B[0m
[0m[[0m[31merror[0m] [0m[0m            ^[0m
[0m[[0m[31merror[0m] [0m[0m/home/adeia/Scala-Chisel-Learning-Journey/src/main/scala/datapaths/mems.scala:34:13: value update is not a member of chisel3.Vec[chisel3.Bool][0m
[0m[[0m[31merror[0m] [0m[0m         io.mask(1)=0.B[0m
[0m[[0m[31merror[0m] [0m[0m            ^[0m
[0m[[0m[31merror[0m] [0m[0m/home/adeia/Scala-Chisel-Learning-Journey/src/main/scala/datapaths/mems.scala:35:13: value update is not a member of chisel3.Vec[chisel3.Bool][0m
[0m[[0m[31merror[0m] [0m[0m         io.mask(2)=1.B[0m
[0m[[0m[31merror[0m] [0m[0m            ^[0m
[0m[[0m[31merror[0m] [0m[0m/home/adeia/Scala-Chisel-Learning-Journey/src/main/scala/datapaths/mems.scala:36:13: value update is not a member of chisel3.Vec[chisel3.Bool][0m
[0m[[0m[31merror[0m] [0m[0m         io.mask(3)=0.B[0m
[0m[[0m[31merror[0m] [0m[0m            ^[0m
[0m[[0m[31merror[0m] [0m[0m/home/adeia/Scala-Chisel-Learning-Journey/src/main/scala/datapaths/mems.scala:40:13: value update is not a member of chisel3.Vec[chisel3.Bool][0m
[0m[[0m[31merror[0m] [0m[0m         io.mask(0)=0.B[0m
[0m[[0m[31merror[0m] [0m[0m            ^[0m
[0m[[0m[31merror[0m] [0m[0m/home/adeia/Scala-Chisel-Learning-Journey/src/main/scala/datapaths/mems.scala:41:13: value update is not a member of chisel3.Vec[chisel3.Bool][0m
[0m[[0m[31merror[0m] [0m[0m         io.mask(1)=0.B[0m
[0m[[0m[31merror[0m] [0m[0m            ^[0m
[0m[[0m[31merror[0m] [0m[0m/home/adeia/Scala-Chisel-Learning-Journey/src/main/scala/datapaths/mems.scala:42:13: value update is not a member of chisel3.Vec[chisel3.Bool][0m
[0m[[0m[31merror[0m] [0m[0m         io.mask(2)=0.B[0m
[0m[[0m[31merror[0m] [0m[0m            ^[0m
[0m[[0m[31merror[0m] [0m[0m/home/adeia/Scala-Chisel-Learning-Journey/src/main/scala/datapaths/mems.scala:43:13: value update is not a member of chisel3.Vec[chisel3.Bool][0m
[0m[[0m[31merror[0m] [0m[0m         io.mask(3)=1.B[0m
[0m[[0m[31merror[0m] [0m[0m            ^[0m
[0m[[0m[31merror[0m] [0m[0m/home/adeia/Scala-Chisel-Learning-Journey/src/main/scala/datapaths/mems.scala:46:51: not found: value width[0m
[0m[[0m[31merror[0m] [0m[0m    val mem = SyncReadMem (1024 , Vec (4 , UInt ( width . W ) ) )[0m
[0m[[0m[31merror[0m] [0m[0m                                                  ^[0m
[0m[[0m[31merror[0m] [0m[0m34 errors found[0m
[0m[[0m[31merror[0m] [0m[0m(Compile / [31mcompileIncremental[0m) Compilation failed[0m
[0m[[0m[31merror[0m] [0m[0mTotal time: 258 s (04:18), completed Sep 18, 2023, 10:46:03 AM[0m
[0m[[0m[0mdebug[0m] [0m[0m> Exec(shell, None, None)[0m
[0m[[0m[0minfo[0m] [0m[0mshutting down sbt server[0m
