[0m[[0m[0mdebug[0m] [0m[0m> Exec(testOnly singlecycle.single_cycleTest -- -DwriteVcd=1, Some(a470fa45-087f-47c3-97cb-b208833aba23), Some(CommandSource(console0)))[0m
[0m[[0m[0mdebug[0m] [0m[0mEvaluating tasks: Test / testOnly[0m
[0m[[0m[0mdebug[0m] [0m[0mRunning task... Cancel: Signal, check cycles: false, forcegc: true[0m
[0m[[0m[0minfo[0m] [0m[0mcompiling 1 Scala source to /home/adeia/single cycle/target/scala-2.12/classes ...[0m
[0m[[0m[0minfo[0m] [0m[0m[32msingle_cycleTest:[0m[0m
[0m[[0m[0minfo[0m] [0m[0m[31m- Chisel Tester file  *** FAILED ***[0m[0m
[0m[[0m[0minfo[0m] [0m[0m[31m  firrtl.transforms.CheckCombLoops$CombLoopException: : [module CPU] Combinational loop detected:[0m[0m
[0m[[0m[0minfo[0m] [0m[0m[31mCPU.decode.io_instout[0m[0m
[0m[[0m[0minfo[0m] [0m[0m[31mCPU._decode_io_instruction_T	 @[CPU.scala 52:50][0m[0m
[0m[[0m[0minfo[0m] [0m[0m[31mCPU._decode_io_instruction_T_1	 @[CPU.scala 52:55][0m[0m
[0m[[0m[0minfo[0m] [0m[0m[31mCPU._decode_io_instruction_T_2	 @[CPU.scala 52:31][0m[0m
[0m[[0m[0minfo[0m] [0m[0m[31mCPU.decode.io_instruction	 @[CPU.scala 52:26][0m[0m
[0m[[0m[0minfo[0m] [0m[0m[31mCPU.decode.io_instout	 @[Decode.scala 52:15][0m[0m
[0m[[0m[0minfo[0m] [0m[0m[31m  ...[0m[0m
[0m[[0m[0minfo[0m] [0m[0m[36mRun completed in 4 seconds, 700 milliseconds.[0m[0m
[0m[[0m[0minfo[0m] [0m[0m[36mTotal number of tests run: 1[0m[0m
[0m[[0m[0minfo[0m] [0m[0m[36mSuites: completed 1, aborted 0[0m[0m
[0m[[0m[0minfo[0m] [0m[0m[36mTests: succeeded 0, failed 1, canceled 0, ignored 0, pending 0[0m[0m
[0m[[0m[0minfo[0m] [0m[0m[31m*** 1 TEST FAILED ***[0m[0m
[0m[[0m[31merror[0m] [0m[0mFailed tests:[0m
[0m[[0m[31merror[0m] [0m[0m	singlecycle.single_cycleTest[0m
[0m[[0m[31merror[0m] [0m[0m(Test / [31mtestOnly[0m) sbt.TestsFailedException: Tests unsuccessful[0m
[0m[[0m[31merror[0m] [0m[0mTotal time: 8 s, completed Oct 15, 2023, 7:26:36 PM[0m
[0m[[0m[0mdebug[0m] [0m[0m> Exec(shell, None, None)[0m
[0m[[0m[0mdebug[0m] [0m[0mForcing garbage collection...[0m
